<?xml version="1.0" encoding="utf-8"?>
<TestRun id="72e75582-fcf5-467a-9bbe-fe4c8d41b401" name="@df4a773f8386 2021-05-27 15:20:04" xmlns="http://microsoft.com/schemas/VisualStudio/TeamTest/2010">
  <Times creation="2021-05-27T15:20:04.5603603+00:00" queuing="2021-05-27T15:20:04.5603604+00:00" start="2021-05-27T15:20:01.7165222+00:00" finish="2021-05-27T15:20:04.5799986+00:00" />
  <TestSettings name="default" id="5737f834-b6d7-4101-b24c-cd7ec0d25b61">
    <Deployment runDeploymentRoot="_df4a773f8386_2021-05-27_15_20_04" />
  </TestSettings>
  <Results>
    <UnitTestResult executionId="a5d9ad84-d5ed-485f-8851-0b868b0787b6" testId="eb223c9f-24bf-8303-38b3-d6113beb6012" testName="OCP.Msal.Proxy.Tests.AuthControllerTests.ClaimIsInjectedIntoHeaderAsExpected" computerName="df4a773f8386" duration="00:00:00.0141923" startTime="2021-05-27T15:20:04.4537511+00:00" endTime="2021-05-27T15:20:04.4538831+00:00" testType="13cdc9d9-ddb5-4fa4-a97d-d965ccfc6d4b" outcome="Passed" testListId="8c84fa94-04c1-424b-9868-57a2d4851a1d" relativeResultsDirectory="a5d9ad84-d5ed-485f-8851-0b868b0787b6" />
  </Results>
  <TestDefinitions>
    <UnitTest name="OCP.Msal.Proxy.Tests.AuthControllerTests.ClaimIsInjectedIntoHeaderAsExpected" storage="/app/ocp.msal.proxy.tests/bin/debug/netcoreapp3.1/ocp.msal.proxy.tests.dll" id="eb223c9f-24bf-8303-38b3-d6113beb6012">
      <Execution id="a5d9ad84-d5ed-485f-8851-0b868b0787b6" />
      <TestMethod codeBase="/app/OCP.Msal.Proxy.Tests/bin/Debug/netcoreapp3.1/OCP.Msal.Proxy.Tests.dll" adapterTypeName="executor://xunit/VsTestRunner2/netcoreapp" className="OCP.Msal.Proxy.Tests.AuthControllerTests" name="ClaimIsInjectedIntoHeaderAsExpected" />
    </UnitTest>
  </TestDefinitions>
  <TestEntries>
    <TestEntry testId="eb223c9f-24bf-8303-38b3-d6113beb6012" executionId="a5d9ad84-d5ed-485f-8851-0b868b0787b6" testListId="8c84fa94-04c1-424b-9868-57a2d4851a1d" />
  </TestEntries>
  <TestLists>
    <TestList name="Results Not in a List" id="8c84fa94-04c1-424b-9868-57a2d4851a1d" />
    <TestList name="All Loaded Results" id="19431567-8539-422a-85d7-44ee4e166bda" />
  </TestLists>
  <ResultSummary outcome="Completed">
    <Counters total="1" executed="1" passed="1" failed="0" error="0" timeout="0" aborted="0" inconclusive="0" passedButRunAborted="0" notRunnable="0" notExecuted="0" disconnected="0" warning="0" completed="0" inProgress="0" pending="0" />
    <Output>
      <StdOut>[xUnit.net 00:00:00.00] xUnit.net VSTest Adapter v2.4.1 (64-bit .NET Core 3.1.15)
[xUnit.net 00:00:01.22]   Discovering: OCP.Msal.Proxy.Tests
[xUnit.net 00:00:01.28]   Discovered:  OCP.Msal.Proxy.Tests
[xUnit.net 00:00:01.28]   Starting:    OCP.Msal.Proxy.Tests
[xUnit.net 00:00:01.42]   Finished:    OCP.Msal.Proxy.Tests
</StdOut>
    </Output>
  </ResultSummary>
</TestRun>